// 重构日志: 9fc9602d
// 重构日志: b1a0687d
// 重构日志: ccf71491
// 同步 ID: 4d801c66 @ Mon Jun  1 00:51:59 UTC 2026
// 重构日志: c0d04987
// 同步 ID: e41f91d3 @ Thu Jun  4 19:52:21 UTC 2026
// 重构日志: 3948dce3
// 同步 ID: e0bcd1de @ Tue Jun  9 11:18:03 UTC 2026
// 重构日志: 57e5f3c7
// 重构日志: 34ed2aad
// 重构日志: 70059f5c
// 同步 ID: 66cbe223 @ Sat Jun 13 15:57:34 UTC 2026
// 同步 ID: 543003b5 @ Sat Jun 13 21:22:44 UTC 2026
// 重构日志: ac070852
// 同步 ID: 3b8502e0 @ Wed Jun 17 13:03:38 UTC 2026
// 重构日志: cabbf576
// 同步 ID: 37c6b000 @ Fri Jun 19 13:11:04 UTC 2026
// 重构日志: b248903e
// 同步 ID: 498ebe86 @ Sat Jun 20 11:41:07 UTC 2026
// 同步 ID: 5319daf4 @ Sat Jun 20 13:42:36 UTC 2026
// 重构日志: 1f535cb4
// 同步 ID: 0a6b77ad @ Mon Jun 22 15:08:36 UTC 2026
// 重构日志: bf7beb2a
// 同步 ID: 5c26b2ce @ Tue Jun 23 09:33:19 UTC 2026
// 同步 ID: 5ca04c72 @ Thu Jun 25 05:11:17 UTC 2026
// 重构日志: 0cd3035e
// 同步 ID: 08a6fd1c @ Sat Jun 27 06:18:23 UTC 2026
// 同步 ID: 8f270bd6 @ Sat Jun 27 11:12:54 UTC 2026
// 重构日志: 2463211f
